<?xml version="1.0" encoding="UTF-8"?>
<testsuite xmlns:xsi="http://www.w3.org/2001/XMLSchema-instance" xsi:noNamespaceSchemaLocation="https://maven.apache.org/surefire/maven-surefire-plugin/xsd/surefire-test-report-3.0.xsd" version="3.0" name="com.viasoft.challenge.email_challenge.controller.EmailControllerTest" time="2.59" tests="4" errors="0" skipped="0" failures="0">
  <properties>
[...]
</properties>
  <testcase name="deveRetornar500QuandoServiceLancarExcecao" classname="com.viasoft.challenge.email_challenge.controller.EmailControllerTest" time="0.263">
    <system-out><![CDATA[22:56:20.599 [main] INFO org.springframework.test.context.support.AnnotationConfigContextLoaderUtils -- Could not detect default configuration classes for test class [com.viasoft.challenge.email_challenge.controller.EmailControllerTest]: EmailControllerTest does not declare any static, non-private, non-final, nested classes annotated with @Configuration.
22:56:20.740 [main] INFO org.springframework.boot.test.context.SpringBootTestContextBootstrapper -- Found @SpringBootConfiguration com.viasoft.challenge.email_challenge.EmailChallengeApplication for test class com.viasoft.challenge.email_challenge.controller.EmailControllerTest
22:56:20.810 [main] INFO org.springframework.boot.devtools.restart.RestartApplicationListener -- Restart disabled due to context in which it is running

  .   ____          _            __ _ _
 /\\ / ___'_ __ _ _(_)_ __  __ _ \ \ \ \
( ( )\___ | '_ | '_| | '_ \/ _` | \ \ \ \
 \\/  ___)| |_)| | | | | || (_| |  ) ) ) )
  '  |____| .__|_| |_|_| |_\__, | / / / /
 =========|_|==============|___/=/_/_/_/

 :: Spring Boot ::                (v3.5.4)

2025-08-06T22:56:21.093-04:00  INFO 1276 --- [viasoft-email-challenge] [           main] c.v.c.e.controller.EmailControllerTest   : Starting EmailControllerTest using Java 21.0.7 with PID 1276 (started by Cfgmafra in D:\Projetos\Pessoais\viasoft-email-challenge)
2025-08-06T22:56:21.094-04:00  INFO 1276 --- [viasoft-email-challenge] [           main] c.v.c.e.controller.EmailControllerTest   : No active profile set, falling back to 1 default profile: "default"
2025-08-06T22:56:22.691-04:00  INFO 1276 --- [viasoft-email-challenge] [           main] o.s.b.t.m.w.SpringBootMockServletContext : Initializing Spring TestDispatcherServlet ''
2025-08-06T22:56:22.691-04:00  INFO 1276 --- [viasoft-email-challenge] [           main] o.s.t.web.servlet.TestDispatcherServlet  : Initializing Servlet ''
2025-08-06T22:56:22.693-04:00  INFO 1276 --- [viasoft-email-challenge] [           main] o.s.t.web.servlet.TestDispatcherServlet  : Completed initialization in 1 ms
2025-08-06T22:56:22.721-04:00  INFO 1276 --- [viasoft-email-challenge] [           main] c.v.c.e.controller.EmailControllerTest   : Started EmailControllerTest in 1.917 seconds (process running for 2.709)
]]></system-out>
  </testcase>
  <testcase name="deveRetornar400_QuandoServiceLancarIllegalArgumentException" classname="com.viasoft.challenge.email_challenge.controller.EmailControllerTest" time="0.007"/>
  <testcase name="deveValidarAwsDtoComDadosInvalidos" classname="com.viasoft.challenge.email_challenge.controller.EmailControllerTest" time="0.056"/>
  <testcase name="deveRetornar204QuandoEmailValido" classname="com.viasoft.challenge.email_challenge.controller.EmailControllerTest" time="0.009"/>
</testsuite>